<?xml version="1.0" encoding="UTF-8"?>
<!-- Generated by org.testng.reporters.JUnitXMLReporter -->
<testsuite ignored="0" hostname="RjM-XPS" failures="1" tests="1" name="Validating title" time="8.999" errors="0" timestamp="2022-02-16T09:19:58 EST">
  <testcase classname="Test.ValidateTitle" name="basePageNavigationTest" time="0.091">
    <failure type="java.lang.AssertionError" message="expected [FEATURED COURSES 201] but found [FEATURED COURSES]">
      <![CDATA[java.lang.AssertionError: expected [FEATURED COURSES 201] but found [FEATURED COURSES]
at Test.ValidateTitle.basePageNavigationTest(ValidateTitle.java:39)
at java.base/java.util.ArrayList.forEach(ArrayList.java:1511)
at java.base/java.util.concurrent.FutureTask.run(FutureTask.java:264)
at java.base/java.util.concurrent.ThreadPoolExecutor.runWorker(ThreadPoolExecutor.java:1130)
at java.base/java.util.concurrent.ThreadPoolExecutor$Worker.run(ThreadPoolExecutor.java:630)
at java.base/java.lang.Thread.run(Thread.java:832)
... Removed 24 stack frames]]>
    </failure>
  </testcase> <!-- basePageNavigationTest -->
</testsuite> <!-- Validating title -->
