<?xml version="1.0" encoding="UTF-8"?>
<testng-results ignored="0" total="2" passed="2" failed="0" skipped="0">
  <reporter-output>
  </reporter-output>
  <suite started-at="2022-02-16T10:38:58 EST" name="Default suite" finished-at="2022-02-16T10:39:10 EST" duration-ms="12601">
    <groups>
    </groups>
    <test started-at="2022-02-16T10:38:58 EST" name="Default test" finished-at="2022-02-16T10:39:10 EST" duration-ms="12601">
      <class name="Test.HomePage">
        <test-method is-config="true" signature="initialize()[pri:0, instance:Test.HomePage@1cd201a8]" started-at="2022-02-16T10:38:58 EST" name="initialize" finished-at="2022-02-16T10:39:00 EST" duration-ms="2169" status="PASS">
          <reporter-output>
          </reporter-output>
        </test-method> <!-- initialize -->
        <test-method signature="basePageNavigationTest(java.lang.String,java.lang.String,java.lang.String)[pri:0, instance:Test.HomePage@1cd201a8]" started-at="2022-02-16T10:39:00 EST" name="basePageNavigationTest" data-provider="getData" finished-at="2022-02-16T10:39:07 EST" duration-ms="7359" status="PASS">
          <params>
            <param index="0">
              <value>
                <![CDATA[nonrestricteduser@com]]>
              </value>
            </param>
            <param index="1">
              <value>
                <![CDATA[tongasoa]]>
              </value>
            </param>
            <param index="2">
              <value>
                <![CDATA[Restricted User]]>
              </value>
            </param>
          </params>
          <reporter-output>
          </reporter-output>
        </test-method> <!-- basePageNavigationTest -->
        <test-method signature="basePageNavigationTest(java.lang.String,java.lang.String,java.lang.String)[pri:0, instance:Test.HomePage@1cd201a8]" started-at="2022-02-16T10:39:07 EST" name="basePageNavigationTest" data-provider="getData" finished-at="2022-02-16T10:39:10 EST" duration-ms="2883" status="PASS">
          <params>
            <param index="0">
              <value>
                <![CDATA[restricteduser@com]]>
              </value>
            </param>
            <param index="1">
              <value>
                <![CDATA[sdfasf]]>
              </value>
            </param>
            <param index="2">
              <value>
                <![CDATA[Non restricted user]]>
              </value>
            </param>
          </params>
          <reporter-output>
          </reporter-output>
        </test-method> <!-- basePageNavigationTest -->
        <test-method is-config="true" signature="tearDown()[pri:0, instance:Test.HomePage@1cd201a8]" started-at="2022-02-16T10:39:10 EST" name="tearDown" finished-at="2022-02-16T10:39:10 EST" duration-ms="93" status="PASS">
          <reporter-output>
          </reporter-output>
        </test-method> <!-- tearDown -->
      </class> <!-- Test.HomePage -->
    </test> <!-- Default test -->
  </suite> <!-- Default suite -->
</testng-results>
